MusicAPPDemo/app/build/intermediates/manifest_merge_blame_file/release/manifest-merger-blame-release-report.txt
1<?xml version="1.0" encoding="utf-8"?>
2<manifest xmlns:android="http://schemas.android.com/apk/res/android"
3    package="com.example.musicappdemo"
4    android:versionCode="1"
5    android:versionName="1.0" >
6
7    <uses-sdk
8        android:minSdkVersion="24"
9        android:targetSdkVersion="34" />
10
11    <uses-permission android:name="android.permission.INTERNET" />
11-->src\main\AndroidManifest.xml:5:5-67
11-->src\main\AndroidManifest.xml:5:22-64
12    <uses-permission android:name="android.permission.WRITE_EXTERNAL_STORAGE" />
12-->src\main\AndroidManifest.xml:6:5-81
12-->src\main\AndroidManifest.xml:6:22-78
13    <uses-permission android:name="android.permission.READ_EXTERNAL_STORAGE" />
13-->src\main\AndroidManifest.xml:7:5-80
13-->src\main\AndroidManifest.xml:7:22-77
14    <uses-permission android:name="android.permission.MANAGE_EXTERNAL_STORAGE" />
14-->src\main\AndroidManifest.xml:8:5-82
14-->src\main\AndroidManifest.xml:8:22-79
15    <uses-permission android:name="android.permission.READ_MEDIA_IMAGES" />
15-->src\main\AndroidManifest.xml:9:5-76
15-->src\main\AndroidManifest.xml:9:22-73
16    <uses-permission android:name="android.permission.READ_MEDIA_AUDIO" />
16-->src\main\AndroidManifest.xml:10:5-75
16-->src\main\AndroidManifest.xml:10:22-72
17    <uses-permission android:name="android.permission.READ_MEDIA_VIDEO" /> <!-- 打开相机权限 -->
17-->src\main\AndroidManifest.xml:11:5-75
17-->src\main\AndroidManifest.xml:11:22-72
18    <uses-permission android:name="android.permission.CAMERA" />
18-->src\main\AndroidManifest.xml:12:5-65
18-->src\main\AndroidManifest.xml:12:22-62
19    <uses-permission android:name="android.permission.FOREGROUND_SERVICE" />
19-->src\main\AndroidManifest.xml:13:5-77
19-->src\main\AndroidManifest.xml:13:22-74
20    <uses-permission android:name="android.permission.POST_NOTIFICATIONS" />
20-->src\main\AndroidManifest.xml:14:5-77
20-->src\main\AndroidManifest.xml:14:22-74
21    <uses-permission android:name="android.permission.FOREGROUND_SERVICE_MEDIA_PLAYBACK" />
21-->src\main\AndroidManifest.xml:15:5-92
21-->src\main\AndroidManifest.xml:15:22-89
22
23    <uses-feature android:name="android.hardware.camera" />
23-->src\main\AndroidManifest.xml:17:5-60
23-->src\main\AndroidManifest.xml:17:19-57
24    <uses-feature android:name="android.hardware.camera.autofocus" />
24-->src\main\AndroidManifest.xml:18:5-70
24-->src\main\AndroidManifest.xml:18:19-67
25
26    <permission
26-->[androidx.core:core:1.9.0] AndroidManifest.xml:22:5-24:47
27        android:name="com.example.musicappdemo.DYNAMIC_RECEIVER_NOT_EXPORTED_PERMISSION"
27-->[androidx.core:core:1.9.0] AndroidManifest.xml:23:9-81
28        android:protectionLevel="signature" />
28-->[androidx.core:core:1.9.0] AndroidManifest.xml:24:9-44
29
30    <uses-permission android:name="com.example.musicappdemo.DYNAMIC_RECEIVER_NOT_EXPORTED_PERMISSION" />
30-->[androidx.core:core:1.9.0] AndroidManifest.xml:26:5-97
30-->[androidx.core:core:1.9.0] AndroidManifest.xml:26:22-94
31
32    <application
32-->src\main\AndroidManifest.xml:19:5-63:19
33        android:allowBackup="true"
33-->src\main\AndroidManifest.xml:20:9-35
34        android:appComponentFactory="androidx.core.app.CoreComponentFactory"
34-->[androidx.core:core:1.9.0] AndroidManifest.xml:28:18-86
35        android:dataExtractionRules="@xml/data_extraction_rules"
35-->src\main\AndroidManifest.xml:21:9-65
36        android:extractNativeLibs="false"
37        android:fullBackupContent="@xml/backup_rules"
37-->src\main\AndroidManifest.xml:22:9-54
38        android:icon="@drawable/icon_app"
38-->src\main\AndroidManifest.xml:23:9-42
39        android:label="@string/app_name"
39-->src\main\AndroidManifest.xml:24:9-41
40        android:networkSecurityConfig="@xml/network_security_config"
40-->src\main\AndroidManifest.xml:25:9-69
41        android:roundIcon="@drawable/icon_app"
41-->src\main\AndroidManifest.xml:26:9-47
42        android:supportsRtl="true"
42-->src\main\AndroidManifest.xml:27:9-35
43        android:theme="@style/Base.Theme.MusicAPPDemo"
43-->src\main\AndroidManifest.xml:28:9-55
44        android:usesCleartextTraffic="true" >
44-->src\main\AndroidManifest.xml:29:9-44
45        <service
45-->src\main\AndroidManifest.xml:32:9-36:60
46            android:name="com.example.musicappdemo.music.MusicService"
46-->src\main\AndroidManifest.xml:33:13-47
47            android:enabled="true"
47-->src\main\AndroidManifest.xml:34:13-35
48            android:exported="false"
48-->src\main\AndroidManifest.xml:35:13-37
49            android:foregroundServiceType="mediaPlayback" />
49-->src\main\AndroidManifest.xml:36:13-58
50
51        <activity
51-->src\main\AndroidManifest.xml:38:9-40:40
52            android:name="com.example.musicappdemo.music.MusicActivity"
52-->src\main\AndroidManifest.xml:39:13-48
53            android:exported="false" />
53-->src\main\AndroidManifest.xml:40:13-37
54        <activity
54-->src\main\AndroidManifest.xml:41:9-43:40
55            android:name="com.example.musicappdemo.activity.SingerDescActivity"
55-->src\main\AndroidManifest.xml:42:13-56
56            android:exported="false" />
56-->src\main\AndroidManifest.xml:43:13-37
57        <activity
57-->src\main\AndroidManifest.xml:44:9-46:40
58            android:name="com.example.musicappdemo.activity.RegisterActivity"
58-->src\main\AndroidManifest.xml:45:13-54
59            android:exported="false" />
59-->src\main\AndroidManifest.xml:46:13-37
60        <activity
60-->src\main\AndroidManifest.xml:47:9-55:20
61            android:name="com.example.musicappdemo.activity.LoginActivity"
61-->src\main\AndroidManifest.xml:48:13-51
62            android:exported="true" >
62-->src\main\AndroidManifest.xml:49:13-36
63            <intent-filter>
63-->src\main\AndroidManifest.xml:50:13-54:29
64                <action android:name="android.intent.action.MAIN" />
64-->src\main\AndroidManifest.xml:51:17-69
64-->src\main\AndroidManifest.xml:51:25-66
65
66                <category android:name="android.intent.category.LAUNCHER" />
66-->src\main\AndroidManifest.xml:53:17-77
66-->src\main\AndroidManifest.xml:53:27-74
67            </intent-filter>
68        </activity>
69        <activity
69-->src\main\AndroidManifest.xml:56:9-59:20
70            android:name="com.example.musicappdemo.activity.MainActivity"
70-->src\main\AndroidManifest.xml:57:13-50
71            android:exported="false" >
71-->src\main\AndroidManifest.xml:58:13-37
72        </activity>
73        <activity
73-->src\main\AndroidManifest.xml:60:9-62:40
74            android:name="com.example.musicappdemo.activity.SearchResultActivity"
74-->src\main\AndroidManifest.xml:61:13-58
75            android:exported="false" />
75-->src\main\AndroidManifest.xml:62:13-37
76
77        <provider
77-->[androidx.emoji2:emoji2:1.2.0] AndroidManifest.xml:24:9-32:20
78            android:name="androidx.startup.InitializationProvider"
78-->[androidx.emoji2:emoji2:1.2.0] AndroidManifest.xml:25:13-67
79            android:authorities="com.example.musicappdemo.androidx-startup"
79-->[androidx.emoji2:emoji2:1.2.0] AndroidManifest.xml:26:13-68
80            android:exported="false" >
80-->[androidx.emoji2:emoji2:1.2.0] AndroidManifest.xml:27:13-37
81            <meta-data
81-->[androidx.emoji2:emoji2:1.2.0] AndroidManifest.xml:29:13-31:52
82                android:name="androidx.emoji2.text.EmojiCompatInitializer"
82-->[androidx.emoji2:emoji2:1.2.0] AndroidManifest.xml:30:17-75
83                android:value="androidx.startup" />
83-->[androidx.emoji2:emoji2:1.2.0] AndroidManifest.xml:31:17-49
84            <meta-data
84-->[androidx.lifecycle:lifecycle-process:2.4.1] AndroidManifest.xml:31:13-33:52
85                android:name="androidx.lifecycle.ProcessLifecycleInitializer"
85-->[androidx.lifecycle:lifecycle-process:2.4.1] AndroidManifest.xml:32:17-78
86                android:value="androidx.startup" />
86-->[androidx.lifecycle:lifecycle-process:2.4.1] AndroidManifest.xml:33:17-49
87        </provider>
88    </application>
89
90</manifest>